<?xml version="1.0" encoding="UTF-8"?>
<testsuite name="CovidTrackingApiTest" tests="3" skipped="0" failures="0" errors="0" timestamp="2025-03-11T10:00:58" hostname="DESKTOP-D6OVAIF" time="11.35">
  <properties/>
  <testcase name="Test COVID Tracking API states endpoint returns 200 and valid data" classname="CovidTrackingApiTest" time="9.488"/>
  <testcase name="Test specific data fields in the response" classname="CovidTrackingApiTest" time="1.21"/>
  <testcase name="Test response time and headers" classname="CovidTrackingApiTest" time="0.624"/>
  <system-out><![CDATA[]]></system-out>
  <system-err><![CDATA[]]></system-err>
</testsuite>
